0 info it worked if it ends with ok
1 verbose cli [ '/home/toni/.nvm/versions/node/v6.9.2/bin/node',
1 verbose cli   '/home/toni/.nvm/versions/node/v6.9.2/bin/npm',
1 verbose cli   'run',
1 verbose cli   'test' ]
2 info using npm@3.10.9
3 info using node@v6.9.2
4 verbose run-script [ 'pretest', 'test', 'posttest' ]
5 info lifecycle react-basic-auth@1.0.0~pretest: react-basic-auth@1.0.0
6 silly lifecycle react-basic-auth@1.0.0~pretest: no script for pretest, continuing
7 info lifecycle react-basic-auth@1.0.0~test: react-basic-auth@1.0.0
8 verbose lifecycle react-basic-auth@1.0.0~test: unsafe-perm in lifecycle true
9 verbose lifecycle react-basic-auth@1.0.0~test: PATH: /home/toni/.nvm/versions/node/v6.9.2/lib/node_modules/npm/bin/node-gyp-bin:/home/toni/projects/frontends/react-basic-auth/node_modules/.bin:/home/toni/.nvm/versions/node/v6.9.2/bin:/home/toni/.rbenv/shims:/home/toni/.rbenv/bin:/home/toni/dotvim/voom:/usr/local/heroku/bin:/usr/local/sbin:/usr/local/bin:/usr/sbin:/usr/bin:/sbin:/bin:/usr/games:/usr/local/games:/home/toni/.rvm/bin:/home/toni/Android/Sdk/tools:/home/toni/Android/Sdk/platform-tools
10 verbose lifecycle react-basic-auth@1.0.0~test: CWD: /home/toni/projects/frontends/react-basic-auth
11 silly lifecycle react-basic-auth@1.0.0~test: Args: [ '-c', 'cross-env ENV=test jest --' ]
12 silly lifecycle react-basic-auth@1.0.0~test: Returned: code: 1  signal: null
13 info lifecycle react-basic-auth@1.0.0~test: Failed to exec test script
14 verbose stack Error: react-basic-auth@1.0.0 test: `cross-env ENV=test jest --`
14 verbose stack Exit status 1
14 verbose stack     at EventEmitter.<anonymous> (/home/toni/.nvm/versions/node/v6.9.2/lib/node_modules/npm/lib/utils/lifecycle.js:255:16)
14 verbose stack     at emitTwo (events.js:106:13)
14 verbose stack     at EventEmitter.emit (events.js:191:7)
14 verbose stack     at ChildProcess.<anonymous> (/home/toni/.nvm/versions/node/v6.9.2/lib/node_modules/npm/lib/utils/spawn.js:40:14)
14 verbose stack     at emitTwo (events.js:106:13)
14 verbose stack     at ChildProcess.emit (events.js:191:7)
14 verbose stack     at maybeClose (internal/child_process.js:877:16)
14 verbose stack     at Process.ChildProcess._handle.onexit (internal/child_process.js:226:5)
15 verbose pkgid react-basic-auth@1.0.0
16 verbose cwd /home/toni/projects/frontends/react-basic-auth
17 error Linux 4.5.0-040500-generic
18 error argv "/home/toni/.nvm/versions/node/v6.9.2/bin/node" "/home/toni/.nvm/versions/node/v6.9.2/bin/npm" "run" "test"
19 error node v6.9.2
20 error npm  v3.10.9
21 error code ELIFECYCLE
22 error react-basic-auth@1.0.0 test: `cross-env ENV=test jest --`
22 error Exit status 1
23 error Failed at the react-basic-auth@1.0.0 test script 'cross-env ENV=test jest --'.
23 error Make sure you have the latest version of node.js and npm installed.
23 error If you do, this is most likely a problem with the react-basic-auth package,
23 error not with npm itself.
23 error Tell the author that this fails on your system:
23 error     cross-env ENV=test jest --
23 error You can get information on how to open an issue for this project with:
23 error     npm bugs react-basic-auth
23 error Or if that isn't available, you can get their info via:
23 error     npm owner ls react-basic-auth
23 error There is likely additional logging output above.
24 verbose exit [ 1, true ]
